# JRE version: OpenJDK Runtime Environment (8.0_242-b01) (build 1.8.0_242-release-1644-b01)
# Java VM: OpenJDK 64-Bit Server VM (25.242-b01 mixed mode windows-amd64 compressed oops)
Heap:
 PSYoungGen      total 654848K, used 350537K [0x00000000d5580000, 0x0000000100000000, 0x0000000100000000)
  eden space 615936K, 55% used [0x00000000d5580000,0x00000000ea482db0,0x00000000faf00000)
  from space 38912K, 19% used [0x00000000faf00000,0x00000000fb64f930,0x00000000fd500000)
  to   space 37888K, 0% used [0x00000000fdb00000,0x00000000fdb00000,0x0000000100000000)
 ParOldGen       total 206848K, used 177060K [0x0000000080000000, 0x000000008ca00000, 0x00000000d5580000)
  object space 206848K, 85% used [0x0000000080000000,0x000000008ace91f8,0x000000008ca00000)
 Metaspace       used 80784K, capacity 85994K, committed 86168K, reserved 1124352K
  class space    used 11017K, capacity 11920K, committed 11952K, reserved 1048576K
GC Heap History (10 events):
Event: 29.280 GC heap before
{Heap before GC invocations=22 (full 3):
 PSYoungGen      total 546816K, used 521948K [0x00000000d5580000, 0x00000000f9a80000, 0x0000000100000000)
  eden space 505856K, 100% used [0x00000000d5580000,0x00000000f4380000,0x00000000f4380000)
  from space 40960K, 39% used [0x00000000f7280000,0x00000000f8237150,0x00000000f9a80000)
  to   space 44544K, 0% used [0x00000000f4380000,0x00000000f4380000,0x00000000f6f00000)
 ParOldGen       total 206848K, used 133292K [0x0000000080000000, 0x000000008ca00000, 0x00000000d5580000)
  object space 206848K, 64% used [0x0000000080000000,0x000000008822b3a8,0x000000008ca00000)
 Metaspace       used 80362K, capacity 85544K, committed 85656K, reserved 1122304K
  class space    used 11009K, capacity 11909K, committed 11952K, reserved 1048576K
Event: 29.334 GC heap after
Heap after GC invocations=22 (full 3):
 PSYoungGen      total 550400K, used 13399K [0x00000000d5580000, 0x00000000fff80000, 0x0000000100000000)
  eden space 505856K, 0% used [0x00000000d5580000,0x00000000d5580000,0x00000000f4380000)
  from space 44544K, 30% used [0x00000000f4380000,0x00000000f5095f30,0x00000000f6f00000)
  to   space 42496K, 0% used [0x00000000fd600000,0x00000000fd600000,0x00000000fff80000)
 ParOldGen       total 206848K, used 145640K [0x0000000080000000, 0x000000008ca00000, 0x00000000d5580000)
  object space 206848K, 70% used [0x0000000080000000,0x0000000088e3a308,0x000000008ca00000)
 Metaspace       used 80362K, capacity 85544K, committed 85656K, reserved 1122304K
  class space    used 11009K, capacity 11909K, committed 11952K, reserved 1048576K
}
Event: 30.127 GC heap before
{Heap before GC invocations=23 (full 3):
 PSYoungGen      total 550400K, used 519255K [0x00000000d5580000, 0x00000000fff80000, 0x0000000100000000)
  eden space 505856K, 100% used [0x00000000d5580000,0x00000000f4380000,0x00000000f4380000)
  from space 44544K, 30% used [0x00000000f4380000,0x00000000f5095f30,0x00000000f6f00000)
  to   space 42496K, 0% used [0x00000000fd600000,0x00000000fd600000,0x00000000fff80000)
 ParOldGen       total 206848K, used 145640K [0x0000000080000000, 0x000000008ca00000, 0x00000000d5580000)
  object space 206848K, 70% used [0x0000000080000000,0x0000000088e3a308,0x000000008ca00000)
 Metaspace       used 80439K, capacity 85620K, committed 85912K, reserved 1124352K
  class space    used 11009K, capacity 11909K, committed 11952K, reserved 1048576K
Event: 30.156 GC heap after
Heap after GC invocations=23 (full 3):
 PSYoungGen      total 651776K, used 6823K [0x00000000d5580000, 0x00000000ffd00000, 0x0000000100000000)
  eden space 611840K, 0% used [0x00000000d5580000,0x00000000d5580000,0x00000000fab00000)
  from space 39936K, 17% used [0x00000000fd600000,0x00000000fdca9de0,0x00000000ffd00000)
  to   space 41984K, 0% used [0x00000000fab00000,0x00000000fab00000,0x00000000fd400000)
 ParOldGen       total 206848K, used 157217K [0x0000000080000000, 0x000000008ca00000, 0x00000000d5580000)
  object space 206848K, 76% used [0x0000000080000000,0x0000000089988770,0x000000008ca00000)
 Metaspace       used 80439K, capacity 85620K, committed 85912K, reserved 1124352K
  class space    used 11009K, capacity 11909K, committed 11952K, reserved 1048576K
}
Event: 31.228 GC heap before
{Heap before GC invocations=24 (full 3):
 PSYoungGen      total 651776K, used 618663K [0x00000000d5580000, 0x00000000ffd00000, 0x0000000100000000)
  eden space 611840K, 100% used [0x00000000d5580000,0x00000000fab00000,0x00000000fab00000)
  from space 39936K, 17% used [0x00000000fd600000,0x00000000fdca9de0,0x00000000ffd00000)
  to   space 41984K, 0% used [0x00000000fab00000,0x00000000fab00000,0x00000000fd400000)
 ParOldGen       total 206848K, used 157217K [0x0000000080000000, 0x000000008ca00000, 0x00000000d5580000)
  object space 206848K, 76% used [0x0000000080000000,0x0000000089988770,0x000000008ca00000)
 Metaspace       used 80575K, capacity 85690K, committed 85912K, reserved 1124352K
  class space    used 11010K, capacity 11910K, committed 11952K, reserved 1048576K
Event: 31.253 GC heap after
Heap after GC invocations=24 (full 3):
 PSYoungGen      total 653824K, used 7776K [0x00000000d5580000, 0x0000000100000000, 0x0000000100000000)
  eden space 611840K, 0% used [0x00000000d5580000,0x00000000d5580000,0x00000000fab00000)
  from space 41984K, 18% used [0x00000000fab00000,0x00000000fb298010,0x00000000fd400000)
  to   space 40960K, 0% used [0x00000000fd800000,0x00000000fd800000,0x0000000100000000)
 ParOldGen       total 206848K, used 162024K [0x0000000080000000, 0x000000008ca00000, 0x00000000d5580000)
  object space 206848K, 78% used [0x0000000080000000,0x0000000089e3a1b0,0x000000008ca00000)
 Metaspace       used 80575K, capacity 85690K, committed 85912K, reserved 1124352K
  class space    used 11010K, capacity 11910K, committed 11952K, reserved 1048576K
}
Event: 32.404 GC heap before
{Heap before GC invocations=25 (full 3):
 PSYoungGen      total 653824K, used 619616K [0x00000000d5580000, 0x0000000100000000, 0x0000000100000000)
  eden space 611840K, 100% used [0x00000000d5580000,0x00000000fab00000,0x00000000fab00000)
  from space 41984K, 18% used [0x00000000fab00000,0x00000000fb298010,0x00000000fd400000)
  to   space 40960K, 0% used [0x00000000fd800000,0x00000000fd800000,0x0000000100000000)
 ParOldGen       total 206848K, used 162024K [0x0000000080000000, 0x000000008ca00000, 0x00000000d5580000)
  object space 206848K, 78% used [0x0000000080000000,0x0000000089e3a1b0,0x000000008ca00000)
 Metaspace       used 80653K, capacity 85848K, committed 86168K, reserved 1124352K
  class space    used 11012K, capacity 11913K, committed 11952K, reserved 1048576K
Event: 32.438 GC heap after
Heap after GC invocations=25 (full 3):
 PSYoungGen      total 651776K, used 14427K [0x00000000d5580000, 0x00000000ffb00000, 0x0000000100000000)
  eden space 615936K, 0% used [0x00000000d5580000,0x00000000d5580000,0x00000000faf00000)
  from space 35840K, 40% used [0x00000000fd800000,0x00000000fe616f50,0x00000000ffb00000)
  to   space 38912K, 0% used [0x00000000faf00000,0x00000000faf00000,0x00000000fd500000)
 ParOldGen       total 206848K, used 168288K [0x0000000080000000, 0x000000008ca00000, 0x00000000d5580000)
  object space 206848K, 81% used [0x0000000080000000,0x000000008a458240,0x000000008ca00000)
 Metaspace       used 80653K, capacity 85848K, committed 86168K, reserved 1124352K
  class space    used 11012K, capacity 11913K, committed 11952K, reserved 1048576K
}
Event: 34.074 GC heap before
{Heap before GC invocations=26 (full 3):
 PSYoungGen      total 651776K, used 630363K [0x00000000d5580000, 0x00000000ffb00000, 0x0000000100000000)
  eden space 615936K, 100% used [0x00000000d5580000,0x00000000faf00000,0x00000000faf00000)
  from space 35840K, 40% used [0x00000000fd800000,0x00000000fe616f50,0x00000000ffb00000)
  to   space 38912K, 0% used [0x00000000faf00000,0x00000000faf00000,0x00000000fd500000)
 ParOldGen       total 206848K, used 168288K [0x0000000080000000, 0x000000008ca00000, 0x00000000d5580000)
  object space 206848K, 81% used [0x0000000080000000,0x000000008a458240,0x000000008ca00000)
 Metaspace       used 80704K, capacity 85924K, committed 86168K, reserved 1124352K
  class space    used 11014K, capacity 11915K, committed 11952K, reserved 1048576K
Event: 34.098 GC heap after
Heap after GC invocations=26 (full 3):
 PSYoungGen      total 654848K, used 7486K [0x00000000d5580000, 0x0000000100000000, 0x0000000100000000)
  eden space 615936K, 0% used [0x00000000d5580000,0x00000000d5580000,0x00000000faf00000)
  from space 38912K, 19% used [0x00000000faf00000,0x00000000fb64f930,0x00000000fd500000)
  to   space 37888K, 0% used [0x00000000fdb00000,0x00000000fdb00000,0x0000000100000000)
 ParOldGen       total 206848K, used 177060K [0x0000000080000000, 0x000000008ca00000, 0x00000000d5580000)
  object space 206848K, 85% used [0x0000000080000000,0x000000008ace91f8,0x000000008ca00000)
 Metaspace       used 80704K, capacity 85924K, committed 86168K, reserved 1124352K
  class space    used 11014K, capacity 11915K, committed 11952K, reserved 1048576K
}

